#
# A fatal error has been detected by the Java Runtime Environment:
#
#  EXCEPTION_ACCESS_VIOLATION (0xc0000005) at pc=0x000000006daaa39d, pid=11592, tid=14220
#
# JRE version: 6.0_45-b06
# Java VM: Java HotSpot(TM) 64-Bit Server VM (20.45-b01 mixed mode windows-amd64 compressed oops)
# Problematic frame:
# V  [jvm.dll+0x1ca39d]
#
# If you would like to submit a bug report, please visit:
#   http://java.sun.com/webapps/bugreport/crash.jsp
#

---------------  T H R E A D  ---------------

Current thread (0x00000000003fd000):  JavaThread "main" [_thread_in_vm, id=14220, stack(0x0000000002630000,0x0000000002730000)]

siginfo: ExceptionCode=0xc0000005, reading address 0x0000000000000001

Registers:
RAX=0x0000000000000000, RBX=0x00000000003fd000, RCX=0x0000000000000d00, RDX=0x000000000272f998
RSP=0x000000000272f8b0, RBP=0x000000000272f968, RSI=0x00000000e75cbc53, RDI=0x0000000000000001
R8 =0x0000000000000001, R9 =0x0000000000000001, R10=0x0000000002741359, R11=0x000000006dae3550
R12=0x0000000000000000, R13=0x000000073aecf518, R14=0x000000000272f998, R15=0x00000000003fd000
RIP=0x000000006daaa39d, EFLAGS=0x0000000000010246

Top of Stack: (sp=0x000000000272f8b0)
0x000000000272f8b0:   00000000003fda98 0000000002741212
0x000000000272f8c0:   000000073aecf518 000000000272f968
0x000000000272f8d0:   00000000027359c9 00000000027359c9
0x000000000272f8e0:   00000007000000b6 0000000002741386
0x000000000272f8f0:   00000000003f7f40 00000000003fd650
0x000000000272f900:   00000000003fd660 000000073aecf518
0x000000000272f910:   000000073ae5c800 00000000003fd000
0x000000000272f920:   000000000272f938 000000000272f928
0x000000000272f930:   000000073aecf518 000000000272f998
0x000000000272f940:   000000073aed2678 0000000000000000
0x000000000272f950:   000000073aecf518 0000000000000000
0x000000000272f960:   000000000272f988 000000000272f9e8
0x000000000272f970:   0000000002735a53 0000000000000000
0x000000000272f980:   000000000273e357 0000000000000001
0x000000000272f990:   00000000027359c9 00000007c0000ed8
0x000000000272f9a0:   00000007c0018b18 000000000272f9a8 

Instructions: (pc=0x000000006daaa39d)
0x000000006daaa37d:   85 c0 75 0a 8b 43 30 a9 00 00 00 30 74 08 48 8b
0x000000006daaa38d:   cb e8 4d e0 04 00 c7 83 48 02 00 00 06 00 00 00
0x000000006daaa39d:   48 8b 3f 48 89 6c 24 30 48 89 74 24 28 48 8b 73
0x000000006daaa3ad:   48 48 8b 4e 10 48 8b 6e 08 48 83 39 00 74 05 e8 


Register to memory mapping:

RAX=0x0000000000000000 is an unknown value
RBX=0x00000000003fd000 is a thread
RCX=0x0000000000000d00 is an unknown value
RDX=0x000000000272f998 is pointing into the stack for thread: 0x00000000003fd000
RSP=0x000000000272f8b0 is pointing into the stack for thread: 0x00000000003fd000
RBP=0x000000000272f968 is pointing into the stack for thread: 0x00000000003fd000
RSI=0x00000000e75cbc53 is an unknown value
RDI=0x0000000000000001 is an unknown value
R8 =0x0000000000000001 is an unknown value
R9 =0x0000000000000001 is an unknown value
R10=0x0000000002741359 is an Interpreter codelet
method entry point (kind = native)  [0x00000000027410e0, 0x0000000002741960]  2176 bytes
R11=0x000000006dae3550 is an unknown value
R12=0x0000000000000000 is an unknown value
R13=0x000000073aecf518 is an oop
{method} 
 - klass: {other class}
R14=0x000000000272f998 is pointing into the stack for thread: 0x00000000003fd000
R15=0x00000000003fd000 is a thread


Stack: [0x0000000002630000,0x0000000002730000],  sp=0x000000000272f8b0,  free space=1022k
Native frames: (J=compiled Java code, j=interpreted, Vv=VM code, C=native code)
V  [jvm.dll+0x1ca39d]
j  com.jyn.demo.UnSafeDemo.updateField()V+9
j  com.jyn.demo.UnSafeDemo.main([Ljava/lang/String;)V+32
v  ~StubRoutines::call_stub
V  [jvm.dll+0x1eac57]

Java frames: (J=compiled Java code, j=interpreted, Vv=VM code)
j  sun.misc.Unsafe.getAddress(J)J+0
j  com.jyn.demo.UnSafeDemo.updateField()V+9
j  com.jyn.demo.UnSafeDemo.main([Ljava/lang/String;)V+32
v  ~StubRoutines::call_stub

---------------  P R O C E S S  ---------------

Java Threads: ( => current thread )
  0x0000000006e1e000 JavaThread "Low Memory Detector" daemon [_thread_blocked, id=8168, stack(0x00000000073b0000,0x00000000074b0000)]
  0x0000000006e13000 JavaThread "C2 CompilerThread1" daemon [_thread_blocked, id=11416, stack(0x00000000072b0000,0x00000000073b0000)]
  0x0000000006e11800 JavaThread "C2 CompilerThread0" daemon [_thread_blocked, id=10808, stack(0x00000000071b0000,0x00000000072b0000)]
  0x0000000006dc8000 JavaThread "Attach Listener" daemon [_thread_blocked, id=9868, stack(0x00000000070b0000,0x00000000071b0000)]
  0x0000000006dc2800 JavaThread "Signal Dispatcher" daemon [_thread_blocked, id=2572, stack(0x0000000006fb0000,0x00000000070b0000)]
  0x00000000007ad800 JavaThread "Finalizer" daemon [_thread_blocked, id=10716, stack(0x0000000006cb0000,0x0000000006db0000)]
  0x00000000007a6800 JavaThread "Reference Handler" daemon [_thread_blocked, id=8556, stack(0x0000000006bb0000,0x0000000006cb0000)]
=>0x00000000003fd000 JavaThread "main" [_thread_in_vm, id=14220, stack(0x0000000002630000,0x0000000002730000)]

Other Threads:
  0x000000000079e800 VMThread [stack: 0x0000000006ab0000,0x0000000006bb0000] [id=6592]
  0x0000000006e2f000 WatcherThread [stack: 0x00000000074b0000,0x00000000075b0000] [id=13184]

VM state:not at safepoint (normal execution)

VM Mutex/Monitor currently owned by a thread: None

Heap
 PSYoungGen      total 917504K, used 15728K [0x00000007c0000000, 0x0000000800000000, 0x0000000800000000)
  eden space 786432K, 2% used [0x00000007c0000000,0x00000007c0f5c298,0x00000007f0000000)
  from space 131072K, 0% used [0x00000007f8000000,0x00000007f8000000,0x0000000800000000)
  to   space 131072K, 0% used [0x00000007f0000000,0x00000007f0000000,0x00000007f8000000)
 PSOldGen        total 2097152K, used 1572864K [0x0000000740000000, 0x00000007c0000000, 0x00000007c0000000)
  object space 2097152K, 75% used [0x0000000740000000,0x00000007a0000010,0x00000007c0000000)
 PSPermGen       total 21248K, used 3170K [0x000000073ae00000, 0x000000073c2c0000, 0x0000000740000000)
  object space 21248K, 14% used [0x000000073ae00000,0x000000073b118ba0,0x000000073c2c0000)

Code Cache  [0x0000000002730000, 0x00000000029a0000, 0x0000000005730000)
 total_blobs=172 nmethods=1 adapters=125 free_code_cache=49945088 largest_free_block=6080

Dynamic libraries:
0x0000000000400000 - 0x000000000042f000 	C:\Program Files\Java\jdk1.6.0_45\jre\bin\javaw.exe
0x0000000077410000 - 0x00000000775b8000 	C:\Windows\SYSTEM32\ntdll.dll
0x00000000771f0000 - 0x000000007730f000 	C:\Windows\system32\kernel32.dll
0x000007fefd320000 - 0x000007fefd38c000 	C:\Windows\system32\KERNELBASE.dll
0x0000000074ee0000 - 0x0000000074f67000 	C:\Windows\System32\SYSFER.DLL
0x000007fefd670000 - 0x000007fefd74b000 	C:\Windows\system32\ADVAPI32.dll
0x000007fefd750000 - 0x000007fefd7ef000 	C:\Windows\system32\msvcrt.dll
0x000007fefdbd0000 - 0x000007fefdbef000 	C:\Windows\SYSTEM32\sechost.dll
0x000007fefd7f0000 - 0x000007fefd91d000 	C:\Windows\system32\RPCRT4.dll
0x0000000077310000 - 0x000000007740a000 	C:\Windows\system32\USER32.dll
0x000007feff6a0000 - 0x000007feff707000 	C:\Windows\system32\GDI32.dll
0x000007fefdbf0000 - 0x000007fefdbfe000 	C:\Windows\system32\LPK.dll
0x000007fefdc00000 - 0x000007fefdcc9000 	C:\Windows\system32\USP10.dll
0x000007fefe810000 - 0x000007fefe83e000 	C:\Windows\system32\IMM32.DLL
0x000007fefe700000 - 0x000007fefe809000 	C:\Windows\system32\MSCTF.dll
0x000000006d8e0000 - 0x000000006e09c000 	C:\Program Files\Java\jdk1.6.0_45\jre\bin\server\jvm.dll
0x000007fefb4c0000 - 0x000007fefb4fb000 	C:\Windows\system32\WINMM.dll
0x000000006d850000 - 0x000000006d85e000 	C:\Program Files\Java\jdk1.6.0_45\jre\bin\verify.dll
0x000000006d460000 - 0x000000006d487000 	C:\Program Files\Java\jdk1.6.0_45\jre\bin\java.dll
0x000000006d8a0000 - 0x000000006d8b2000 	C:\Program Files\Java\jdk1.6.0_45\jre\bin\zip.dll
0x00000000775e0000 - 0x00000000775e7000 	C:\Windows\system32\PSAPI.DLL

VM Arguments:
jvm_args: -Xms3072M -Xmx3072M -verbose:class -XX:+TraceClassUnloading -XX:+TraceClassLoading -Dfile.encoding=UTF-8 
java_command: com.jyn.demo.UnSafeDemo
Launcher Type: SUN_STANDARD

Environment Variables:
JAVA_HOME=C:\Program Files\Java\jdk1.6.0_45
CLASSPATH=.;C:\Program Files\Java\jdk1.6.0_45/lib/dt.jar;C:\Program Files\Java\jdk1.6.0_45/lib/tools.jar
PATH=D:\MySoft\gradle-2.5\bin;D:\MySoft\nodejs\node_modules;D:\MySoft\nodejs;C:\Program Files\Java\jdk1.6.0_45\bin;C:\ProgramData\Oracle\Java\javapath;C:\jython2.5.3\bin;D:\oracle\product\11.2.0\client_1;D:\oracle\product\11.2.0\client_1\bin;C:\Program Files (x86)\Common Files\NetSarang;C:\Program Files (x86)\Intel\iCLS Client\;C:\Program Files\Intel\iCLS Client\;C:\Windows\system32;C:\Windows;C:\Windows\System32\Wbem;C:\Windows\System32\WindowsPowerShell\v1.0\;C:\Program Files\Intel\Intel(R) Management Engine Components\DAL;C:\Program Files\Intel\Intel(R) Management Engine Components\IPT;C:\Program Files (x86)\Intel\Intel(R) Management Engine Components\DAL;C:\Program Files (x86)\Intel\Intel(R) Management Engine Components\IPT;C:\Program Files\TortoiseSVN\bin;C:\Program Files (x86)\Git\cmd;C:\python27;C:\python27/Scripts;C:\Program Files\MySQL\MySQL Server 5.5\bin;D:\apache-maven-3.2.1\bin;D:\PostgreSQL\9.3\bin;C:\Program Files\Java\jdk1.6.0_45\bin;D:\worksoft\adt-bundle-windows-x86_64-20140321\sdk\platform-tools;D:\worksoft\apktool-install-windows-r05-ibot
USERNAME=yongnian.jiang
OS=Windows_NT
PROCESSOR_IDENTIFIER=Intel64 Family 6 Model 69 Stepping 1, GenuineIntel



---------------  S Y S T E M  ---------------

OS: Windows 7 , 64 bit Build 7601 Service Pack 1

CPU:total 4 (2 cores per cpu, 2 threads per core) family 6 model 69 stepping 1, cmov, cx8, fxsr, mmx, sse, sse2, sse3, ssse3, sse4.1, sse4.2, popcnt, ht

Memory: 4k page, physical 8291904k(169472k free), swap 16581956k(5517068k free)

vm_info: Java HotSpot(TM) 64-Bit Server VM (20.45-b01) for windows-amd64 JRE (1.6.0_45-b06), built on Apr  1 2013 12:31:37 by "java_re" with MS VC++ 8.0 (VS2005)

time: Mon Aug 10 20:53:33 2015
elapsed time: 0 seconds

